2020-01-19 16:24:34,377 [INFO] Activator:176 - 


2020-01-19 16:24:34,377 [INFO] Activator:177 - !SESSION log4j initialized
2020-01-20 09:47:03,339 [INFO] Activator:176 - 


2020-01-20 09:47:03,339 [INFO] Activator:177 - !SESSION log4j initialized
2020-01-20 15:53:21,238 [INFO] ApplicationProperties:181 - Using Application install path: C:\ST\STM32CubeIDE_1.1.0\STM32CubeIDE\plugins\com.st.stm32cube.common.mx_5.4.0.201910091541
2020-01-20 15:53:21,268 [INFO] DbMcusXml:68 - Set database path to: C:\ST\STM32CubeIDE_1.1.0\STM32CubeIDE\plugins\com.st.stm32cube.common.mx_5.4.0.201910091541\\db\/mcu/
2020-01-20 15:53:21,268 [INFO] DbBoardsPdsc:54 - Set plugin database path to: C:\ST\STM32CubeIDE_1.1.0\STM32CubeIDE\plugins\com.st.stm32cube.common.mx_5.4.0.201910091541\\db\/plugins/boardmanager/
2020-01-20 15:53:21,268 [INFO] DbMcus:265 - Set plugin images path to: C:\ST\STM32CubeIDE_1.1.0\STM32CubeIDE\plugins\com.st.stm32cube.common.mx_5.4.0.201910091541\\db\/plugins/mcufinder/images/
2020-01-20 15:53:21,268 [INFO] DbBoards:232 - Set plugin images path to: C:\ST\STM32CubeIDE_1.1.0\STM32CubeIDE\plugins\com.st.stm32cube.common.mx_5.4.0.201910091541\\db\/plugins/mcufinder/images/
2020-01-20 15:53:21,268 [INFO] APIGFXSelector:72 - Set database path to: C:\ST\STM32CubeIDE_1.1.0\STM32CubeIDE\plugins\com.st.stm32cube.common.mx_5.4.0.201910091541\\db\/plugins/mcufinder/mcu/
2020-01-20 15:53:21,288 [INFO] DbMcusAds:72 - Set database path to: C:\Users\Štefko\.stmcufinder\plugins\mcufinder//mcu/
2020-01-20 15:53:21,288 [INFO] DbMcusDocs:92 - Set database path to: C:\Users\Štefko\.stmcufinder\plugins\mcufinder//mcu/
2020-01-20 15:53:21,298 [INFO] DbMcusJson:59 - Set database path to: C:\Users\Štefko\.stmcufinder\plugins\mcufinder//mcu/
2020-01-20 15:53:21,298 [INFO] DbBoardsDocs:84 - Set database path to: C:\Users\Štefko\.stmcufinder\plugins\mcufinder//mcu/
2020-01-20 15:53:21,298 [INFO] DbBoardsJson:51 - Set database path to: C:\Users\Štefko\.stmcufinder\plugins\mcufinder//mcu/
2020-01-20 15:53:21,388 [INFO] CrossReferenceDbSqlite:197 - Set database path to: C:\Users\Štefko\.stmcufinder\plugins\mcufinder//mcu/cs/
2020-01-20 15:53:21,568 [INFO] RulesReader:52 - Compatibility file has been processed (179 Rules)
2020-01-20 15:53:21,738 [INFO] MicroXplorer:570 - Detected Java Version = 1.8.0_202
2020-01-20 15:53:21,738 [INFO] DbMcusXml:68 - Set database path to: C:\ST\STM32CubeIDE_1.1.0\STM32CubeIDE\plugins\com.st.stm32cube.common.mx_5.4.0.201910091541\\db\/mcu/
2020-01-20 15:53:21,738 [INFO] DbBoardsPdsc:54 - Set plugin database path to: C:\ST\STM32CubeIDE_1.1.0\STM32CubeIDE\plugins\com.st.stm32cube.common.mx_5.4.0.201910091541\\db\/plugins/boardmanager/
2020-01-20 15:53:21,748 [INFO] DbMcus:265 - Set plugin images path to: C:\ST\STM32CubeIDE_1.1.0\STM32CubeIDE\plugins\com.st.stm32cube.common.mx_5.4.0.201910091541\\db\/plugins/mcufinder/images/
2020-01-20 15:53:21,748 [INFO] DbBoards:232 - Set plugin images path to: C:\ST\STM32CubeIDE_1.1.0\STM32CubeIDE\plugins\com.st.stm32cube.common.mx_5.4.0.201910091541\\db\/plugins/mcufinder/images/
2020-01-20 15:53:21,748 [INFO] APIGFXSelector:72 - Set database path to: C:\ST\STM32CubeIDE_1.1.0\STM32CubeIDE\plugins\com.st.stm32cube.common.mx_5.4.0.201910091541\\db\/plugins/mcufinder/mcu/
2020-01-20 15:53:21,748 [WARN] DbFile:31 - Overriding database path with different value: C:\Users\Štefko\.stmcufinder\plugins\mcufinder/ => C:\Users\Štefko\.stmcufinder\plugins\mcufinder
2020-01-20 15:53:21,748 [INFO] DbMcusAds:72 - Set database path to: C:\Users\Štefko\.stmcufinder\plugins\mcufinder//mcu/
2020-01-20 15:53:21,748 [WARN] DbFile:31 - Overriding database path with different value: C:\Users\Štefko\.stmcufinder\plugins\mcufinder/ => C:\Users\Štefko\.stmcufinder\plugins\mcufinder
2020-01-20 15:53:21,748 [INFO] DbMcusDocs:92 - Set database path to: C:\Users\Štefko\.stmcufinder\plugins\mcufinder//mcu/
2020-01-20 15:53:21,748 [WARN] DbFile:31 - Overriding database path with different value: C:\Users\Štefko\.stmcufinder\plugins\mcufinder/ => C:\Users\Štefko\.stmcufinder\plugins\mcufinder
2020-01-20 15:53:21,748 [INFO] DbMcusJson:59 - Set database path to: C:\Users\Štefko\.stmcufinder\plugins\mcufinder//mcu/
2020-01-20 15:53:21,748 [WARN] DbFile:31 - Overriding database path with different value: C:\Users\Štefko\.stmcufinder\plugins\mcufinder/ => C:\Users\Štefko\.stmcufinder\plugins\mcufinder
2020-01-20 15:53:21,748 [INFO] DbBoardsDocs:84 - Set database path to: C:\Users\Štefko\.stmcufinder\plugins\mcufinder//mcu/
2020-01-20 15:53:21,748 [WARN] DbFile:31 - Overriding database path with different value: C:\Users\Štefko\.stmcufinder\plugins\mcufinder/ => C:\Users\Štefko\.stmcufinder\plugins\mcufinder
2020-01-20 15:53:21,748 [INFO] DbBoardsJson:51 - Set database path to: C:\Users\Štefko\.stmcufinder\plugins\mcufinder//mcu/
2020-01-20 15:53:21,748 [WARN] DbFile:31 - Overriding database path with different value: C:\Users\Štefko\.stmcufinder\plugins\mcufinder/ => C:\Users\Štefko\.stmcufinder\plugins\mcufinder
2020-01-20 15:53:21,748 [WARN] DbFile:31 - Overriding database path with different value: C:\Users\Štefko\.stmcufinder\plugins\mcufinder/ => C:\Users\Štefko\.stmcufinder\plugins\mcufinder
2020-01-20 15:53:21,748 [INFO] CrossReferenceDbSqlite:197 - Set database path to: C:\Users\Štefko\.stmcufinder\plugins\mcufinder//mcu/cs/
2020-01-20 15:53:21,858 [INFO] MainPanel:185 - HeapMemory: 286261248
2020-01-20 15:53:21,968 [INFO] DbMcusXml:68 - Set database path to: C:\ST\STM32CubeIDE_1.1.0\STM32CubeIDE\plugins\com.st.stm32cube.common.mx_5.4.0.201910091541\\db\/mcu/
2020-01-20 15:53:21,968 [INFO] DbBoardsPdsc:54 - Set plugin database path to: C:\ST\STM32CubeIDE_1.1.0\STM32CubeIDE\plugins\com.st.stm32cube.common.mx_5.4.0.201910091541\\db\/plugins/boardmanager/
2020-01-20 15:53:21,968 [INFO] DbMcus:265 - Set plugin images path to: C:\ST\STM32CubeIDE_1.1.0\STM32CubeIDE\plugins\com.st.stm32cube.common.mx_5.4.0.201910091541\\db\/plugins/mcufinder/images/
2020-01-20 15:53:21,968 [INFO] DbBoards:232 - Set plugin images path to: C:\ST\STM32CubeIDE_1.1.0\STM32CubeIDE\plugins\com.st.stm32cube.common.mx_5.4.0.201910091541\\db\/plugins/mcufinder/images/
2020-01-20 15:53:21,968 [INFO] APIGFXSelector:72 - Set database path to: C:\ST\STM32CubeIDE_1.1.0\STM32CubeIDE\plugins\com.st.stm32cube.common.mx_5.4.0.201910091541\\db\/plugins/mcufinder/mcu/
2020-01-20 15:53:21,978 [WARN] DbFile:31 - Overriding database path with different value: C:\Users\Štefko\.stmcufinder\plugins\mcufinder/ => C:\Users\Štefko\.stmcufinder\plugins\mcufinder
2020-01-20 15:53:21,978 [INFO] DbMcusAds:72 - Set database path to: C:\Users\Štefko\.stmcufinder\plugins\mcufinder//mcu/
2020-01-20 15:53:21,978 [WARN] DbFile:31 - Overriding database path with different value: C:\Users\Štefko\.stmcufinder\plugins\mcufinder/ => C:\Users\Štefko\.stmcufinder\plugins\mcufinder
2020-01-20 15:53:21,978 [INFO] DbMcusDocs:92 - Set database path to: C:\Users\Štefko\.stmcufinder\plugins\mcufinder//mcu/
2020-01-20 15:53:21,978 [WARN] DbFile:31 - Overriding database path with different value: C:\Users\Štefko\.stmcufinder\plugins\mcufinder/ => C:\Users\Štefko\.stmcufinder\plugins\mcufinder
2020-01-20 15:53:21,978 [INFO] DbMcusJson:59 - Set database path to: C:\Users\Štefko\.stmcufinder\plugins\mcufinder//mcu/
2020-01-20 15:53:21,978 [WARN] DbFile:31 - Overriding database path with different value: C:\Users\Štefko\.stmcufinder\plugins\mcufinder/ => C:\Users\Štefko\.stmcufinder\plugins\mcufinder
2020-01-20 15:53:21,978 [INFO] DbBoardsDocs:84 - Set database path to: C:\Users\Štefko\.stmcufinder\plugins\mcufinder//mcu/
2020-01-20 15:53:21,978 [WARN] DbFile:31 - Overriding database path with different value: C:\Users\Štefko\.stmcufinder\plugins\mcufinder/ => C:\Users\Štefko\.stmcufinder\plugins\mcufinder
2020-01-20 15:53:21,978 [INFO] DbBoardsJson:51 - Set database path to: C:\Users\Štefko\.stmcufinder\plugins\mcufinder//mcu/
2020-01-20 15:53:21,978 [WARN] DbFile:31 - Overriding database path with different value: C:\Users\Štefko\.stmcufinder\plugins\mcufinder/ => C:\Users\Štefko\.stmcufinder\plugins\mcufinder
2020-01-20 15:53:21,978 [WARN] DbFile:31 - Overriding database path with different value: C:\Users\Štefko\.stmcufinder\plugins\mcufinder/ => C:\Users\Štefko\.stmcufinder\plugins\mcufinder
2020-01-20 15:53:21,978 [INFO] CrossReferenceDbSqlite:197 - Set database path to: C:\Users\Štefko\.stmcufinder\plugins\mcufinder//mcu/cs/
2020-01-20 15:53:22,003 [INFO] ApplicationProperties:181 - Using Application install path: C:\ST\STM32CubeIDE_1.1.0\STM32CubeIDE\plugins\com.st.stm32cube.common.mx_5.4.0.201910091541
2020-01-20 15:53:22,008 [INFO] PluginManage:178 - Search for loadable plugins [exclusion list=]
2020-01-20 15:53:22,008 [INFO] PluginManage:292 - Check plugin analytics
2020-01-20 15:53:22,028 [INFO] PluginManage:342 - Loaded plugin analytics (category:tool,tabindex:-1)
2020-01-20 15:53:22,028 [INFO] PluginManage:292 - Check plugin clock
2020-01-20 15:53:22,056 [INFO] PluginManage:342 - Loaded plugin clock (category:base,tabindex:2)
2020-01-20 15:53:22,056 [INFO] PluginManage:292 - Check plugin ddr
2020-01-20 15:53:22,058 [INFO] PluginManage:342 - Loaded plugin ddr (category:tool,tabindex:6)
2020-01-20 15:53:22,058 [INFO] PluginManage:292 - Check plugin filemanager
2020-01-20 15:53:22,218 [INFO] PluginManage:342 - Loaded plugin filemanager (category:base,tabindex:10)
2020-01-20 15:53:22,218 [INFO] PluginManage:292 - Check plugin ipmanager
2020-01-20 15:53:22,228 [INFO] PluginManage:342 - Loaded plugin ipmanager (category:base,tabindex:5)
2020-01-20 15:53:22,228 [INFO] PluginManage:292 - Check plugin pinoutandconfiguration
2020-01-20 15:53:22,248 [INFO] PluginManage:342 - Loaded plugin pinoutandconfiguration (category:base,tabindex:1)
2020-01-20 15:53:22,248 [INFO] PluginManage:292 - Check plugin pinoutconfig
2020-01-20 15:53:22,288 [INFO] PluginManage:342 - Loaded plugin pinoutconfig (category:base,tabindex:0)
2020-01-20 15:53:22,288 [INFO] PluginManage:292 - Check plugin power
2020-01-20 15:53:22,308 [INFO] PluginManage:342 - Loaded plugin power (category:power,tabindex:4)
2020-01-20 15:53:22,308 [INFO] PluginManage:292 - Check plugin projectmanager
2020-01-20 15:53:22,328 [INFO] PluginManage:342 - Loaded plugin projectmanager (category:projectmanager,tabindex:3)
2020-01-20 15:53:22,328 [INFO] PluginManage:292 - Check plugin thirdparty
2020-01-20 15:53:22,358 [ERROR] XmlFileManage:127 - Cannot load XML file C:/Users/Štefko/.stm32cubemx/plugins/thirdparty/db/thirdparties_db.xml: unknown protocol: c
2020-01-20 15:53:22,358 [INFO] ThirdPartyDb:294 - Open Third Party DataBase File (C:/Users/Štefko/.stm32cubemx/plugins/thirdparty/db/thirdparties_db.xml) : 0 ms. number of Sw pack : 0
2020-01-20 15:53:22,378 [INFO] PluginManage:342 - Loaded plugin thirdparty (category:base,tabindex:-1)
2020-01-20 15:53:22,378 [INFO] PluginManage:292 - Check plugin tools
2020-01-20 15:53:22,418 [INFO] PluginManage:342 - Loaded plugin tools (category:base,tabindex:7)
2020-01-20 15:53:22,418 [INFO] PluginManage:292 - Check plugin updater
2020-01-20 15:53:22,428 [INFO] PluginManage:342 - Loaded plugin updater (category:base,tabindex:12)
2020-01-20 15:53:22,438 [INFO] PluginManage:265 - PluginManage : Loaded plugins [12]
2020-01-20 15:53:22,688 [INFO] PinOutPanel:1367 - setPackage(No Configuration,No Configuration)
2020-01-20 15:53:22,848 [INFO] IPUIPlugin:63 - create IPUIPlugin
2020-01-20 15:53:22,848 [INFO] PluginManager:200 - loadIPPluginJar : add adc
2020-01-20 15:53:22,903 [INFO] IPUIPlugin:63 - create IPUIPlugin
2020-01-20 15:53:22,903 [INFO] PluginManager:200 - loadIPPluginJar : add aes
2020-01-20 15:53:22,983 [INFO] IPUIPlugin:63 - create IPUIPlugin
2020-01-20 15:53:22,983 [INFO] PluginManager:200 - loadIPPluginJar : add can
2020-01-20 15:53:23,008 [INFO] IPUIPlugin:63 - create IPUIPlugin
2020-01-20 15:53:23,008 [INFO] PluginManager:200 - loadIPPluginJar : add comp
2020-01-20 15:53:23,048 [INFO] IPUIPlugin:63 - create IPUIPlugin
2020-01-20 15:53:23,048 [INFO] PluginManager:200 - loadIPPluginJar : add cryp
2020-01-20 15:53:23,103 [INFO] IPUIPlugin:63 - create IPUIPlugin
2020-01-20 15:53:23,103 [INFO] PluginManager:200 - loadIPPluginJar : add dfsdm
2020-01-20 15:53:23,118 [INFO] IPUIPlugin:63 - create IPUIPlugin
2020-01-20 15:53:23,118 [INFO] PluginManager:200 - loadIPPluginJar : add dma
2020-01-20 15:53:23,143 [INFO] IPUIPlugin:63 - create IPUIPlugin
2020-01-20 15:53:23,143 [INFO] PluginManager:200 - loadIPPluginJar : add fatfs
2020-01-20 15:53:23,198 [INFO] IPUIPlugin:63 - create IPUIPlugin
2020-01-20 15:53:23,198 [INFO] PluginManager:200 - loadIPPluginJar : add fmc
2020-01-20 15:53:23,228 [INFO] IPUIPlugin:63 - create IPUIPlugin
2020-01-20 15:53:23,228 [INFO] PluginManager:200 - loadIPPluginJar : add freertos
2020-01-20 15:53:23,257 [INFO] IPUIPlugin:63 - create IPUIPlugin
2020-01-20 15:53:23,258 [INFO] PluginManager:200 - loadIPPluginJar : add genericplugin
2020-01-20 15:53:23,398 [INFO] IPUIPlugin:63 - create IPUIPlugin
2020-01-20 15:53:23,398 [INFO] PluginManager:200 - loadIPPluginJar : add gfxmmu
2020-01-20 15:53:23,408 [INFO] IPUIPlugin:63 - create IPUIPlugin
2020-01-20 15:53:23,408 [INFO] PluginManager:200 - loadIPPluginJar : add gfxsimulator
2020-01-20 15:53:23,548 [INFO] IPUIPlugin:63 - create IPUIPlugin
2020-01-20 15:53:23,548 [INFO] PluginManager:200 - loadIPPluginJar : add gic
2020-01-20 15:53:23,568 [INFO] IPUIPlugin:63 - create IPUIPlugin
2020-01-20 15:53:23,568 [INFO] PluginManager:200 - loadIPPluginJar : add gpio
2020-01-20 15:53:23,643 [INFO] IPUIPlugin:63 - create IPUIPlugin
2020-01-20 15:53:23,643 [INFO] PluginManager:200 - loadIPPluginJar : add gtzc
2020-01-20 15:53:23,688 [INFO] IPUIPlugin:63 - create IPUIPlugin
2020-01-20 15:53:23,688 [INFO] PluginManager:200 - loadIPPluginJar : add hash
2020-01-20 15:53:23,748 [INFO] IPUIPlugin:63 - create IPUIPlugin
2020-01-20 15:53:23,748 [INFO] PluginManager:200 - loadIPPluginJar : add i2c
2020-01-20 15:53:23,808 [INFO] IPUIPlugin:63 - create IPUIPlugin
2020-01-20 15:53:23,808 [INFO] PluginManager:200 - loadIPPluginJar : add i2s
2020-01-20 15:53:23,928 [INFO] IPUIPlugin:63 - create IPUIPlugin
2020-01-20 15:53:23,928 [INFO] PluginManager:200 - loadIPPluginJar : add ipddr
2020-01-20 15:53:23,968 [INFO] IPUIPlugin:63 - create IPUIPlugin
2020-01-20 15:53:23,968 [INFO] PluginManager:200 - loadIPPluginJar : add ltdc
2020-01-20 15:53:23,978 [INFO] IPUIPlugin:63 - create IPUIPlugin
2020-01-20 15:53:23,978 [INFO] PluginManager:200 - loadIPPluginJar : add mdma
2020-01-20 15:53:23,988 [INFO] IPUIPlugin:63 - create IPUIPlugin
2020-01-20 15:53:23,988 [INFO] PluginManager:200 - loadIPPluginJar : add nvic
2020-01-20 15:53:24,058 [INFO] IPUIPlugin:63 - create IPUIPlugin
2020-01-20 15:53:24,058 [INFO] PluginManager:200 - loadIPPluginJar : add opamp
2020-01-20 15:53:24,128 [INFO] IPUIPlugin:63 - create IPUIPlugin
2020-01-20 15:53:24,128 [INFO] PluginManager:200 - loadIPPluginJar : add pdm2pcm
2020-01-20 15:53:24,148 [INFO] IPUIPlugin:63 - create IPUIPlugin
2020-01-20 15:53:24,148 [INFO] PluginManager:200 - loadIPPluginJar : add plateformsettings
2020-01-20 15:53:24,168 [INFO] IPUIPlugin:63 - create IPUIPlugin
2020-01-20 15:53:24,168 [INFO] PluginManager:200 - loadIPPluginJar : add quadspi
2020-01-20 15:53:24,188 [INFO] IPUIPlugin:63 - create IPUIPlugin
2020-01-20 15:53:24,188 [INFO] PluginManager:200 - loadIPPluginJar : add resmgrutility
2020-01-20 15:53:24,238 [INFO] IPUIPlugin:63 - create IPUIPlugin
2020-01-20 15:53:24,238 [INFO] PluginManager:200 - loadIPPluginJar : add sai
2020-01-20 15:53:24,278 [INFO] IPUIPlugin:63 - create IPUIPlugin
2020-01-20 15:53:24,278 [INFO] PluginManager:200 - loadIPPluginJar : add spi
2020-01-20 15:53:24,328 [INFO] IPUIPlugin:63 - create IPUIPlugin
2020-01-20 15:53:24,328 [INFO] PluginManager:200 - loadIPPluginJar : add stm32_wpan
2020-01-20 15:53:24,348 [INFO] IPUIPlugin:63 - create IPUIPlugin
2020-01-20 15:53:24,348 [INFO] PluginManager:200 - loadIPPluginJar : add tim
2020-01-20 15:53:24,408 [INFO] IPUIPlugin:63 - create IPUIPlugin
2020-01-20 15:53:24,408 [INFO] PluginManager:200 - loadIPPluginJar : add touchsensing
2020-01-20 15:53:24,428 [INFO] IPUIPlugin:63 - create IPUIPlugin
2020-01-20 15:53:24,428 [INFO] PluginManager:200 - loadIPPluginJar : add tracer_emb
2020-01-20 15:53:24,459 [INFO] IPUIPlugin:63 - create IPUIPlugin
2020-01-20 15:53:24,459 [INFO] PluginManager:200 - loadIPPluginJar : add ts
2020-01-20 15:53:24,478 [INFO] IPUIPlugin:63 - create IPUIPlugin
2020-01-20 15:53:24,483 [INFO] PluginManager:200 - loadIPPluginJar : add tsc
2020-01-20 15:53:24,498 [INFO] IPUIPlugin:63 - create IPUIPlugin
2020-01-20 15:53:24,498 [INFO] PluginManager:200 - loadIPPluginJar : add ucpd
2020-01-20 15:53:24,548 [INFO] IPUIPlugin:63 - create IPUIPlugin
2020-01-20 15:53:24,548 [INFO] PluginManager:200 - loadIPPluginJar : add usart
2020-01-20 15:53:25,448 [INFO] BoardConnectionPanel:220 - [DDR PANEL] osNameString: Windows
2020-01-20 15:53:25,618 [INFO] BoardConnectionPanel:3149 - [DDR PANEL] STM32CubeIDE environment
2020-01-20 15:53:25,618 [INFO] MainDdrPanel:100 - [DDR PANEL] GETTER - cubeProgrammerPath is: null
2020-01-20 15:53:25,888 [FATAL] Updater:277 - Updater called before beeing initialized
2020-01-20 15:53:26,312 [FATAL] Updater:277 - Updater called before beeing initialized
2020-01-20 15:53:26,324 [INFO] PinOutPanel:1367 - setPackage(No Configuration,No Configuration)
2020-01-20 15:53:26,324 [FATAL] Updater:277 - Updater called before beeing initialized
2020-01-20 15:53:26,335 [INFO] BoardConnectionPanel:3149 - [DDR PANEL] STM32CubeIDE environment
2020-01-20 15:53:26,338 [INFO] MainDdrPanel:100 - [DDR PANEL] GETTER - cubeProgrammerPath is: C:\ST\STM32CubeIDE_1.1.0\STM32CubeIDE\plugins\com.st.stm32cube.ide.mcu.externaltools.cubeprogrammer.win32_1.1.0.201910081157\tools\bin
2020-01-20 15:53:26,345 [INFO] ProgrammerExecThread:148 - [ProgrammerAPI] CubeProgrammer command construction: C:\ST\STM32CubeIDE_1.1.0\STM32CubeIDE\plugins\com.st.stm32cube.ide.mcu.externaltools.cubeprogrammer.win32_1.1.0.201910081157\tools\bin\STM32_Programmer_CLI.exe -l
2020-01-20 15:53:26,788 [INFO] MainDdrPanel:90 - [DDR PANEL] SETTER - Set cubeProgrammerPath to: C:\ST\STM32CubeIDE_1.1.0\STM32CubeIDE\plugins\com.st.stm32cube.ide.mcu.externaltools.cubeprogrammer.win32_1.1.0.201910081157\tools\bin
2020-01-20 15:53:26,868 [INFO] Updater:886 - Updater Version found : 5.4.0
2020-01-20 15:53:26,898 [INFO] ApplicationProperties:181 - Using Application install path: C:\ST\STM32CubeIDE_1.1.0\STM32CubeIDE\plugins\com.st.stm32cube.common.mx_5.4.0.201910091541
2020-01-20 15:53:27,278 [INFO] MainUpdater:2232 - connection check result : 10
2020-01-20 15:53:27,278 [INFO] MainUpdater:2859 - Updater definition file requires update
2020-01-20 15:53:27,288 [INFO] MainUpdater:236 - Updater Check For Update Now.
2020-01-20 15:53:27,288 [INFO] MicroXplorer:420 - Change Database Version : DB.5.0.40
2020-01-20 15:53:27,448 [INFO] ServerAccessManage:348 - Download File updaters.zip
2020-01-20 15:53:27,448 [ERROR] ServerAccessManage:412 - IOException during http download : C:\Users\Å tefko\.stm32cubemx\plugins\updater\temp\updaters.zip.tmp (The system cannot find the path specified)
2020-01-20 15:53:27,458 [ERROR] LogOutputStream:74 - [STDERR_REDIRECT] java.io.FileNotFoundException: C:\Users\Štefko\.stm32cubemx\plugins\updater\temp\updaters.zip.tmp (The system cannot find the path specified)
2020-01-20 15:53:27,468 [ERROR] LogOutputStream:74 - [STDERR_REDIRECT] 	at java.io.FileOutputStream.open0(Native Method)
2020-01-20 15:53:27,478 [ERROR] LogOutputStream:74 - [STDERR_REDIRECT] 	at java.io.FileOutputStream.open(FileOutputStream.java:270)
2020-01-20 15:53:27,488 [ERROR] LogOutputStream:74 - [STDERR_REDIRECT] 	at java.io.FileOutputStream.<init>(FileOutputStream.java:213)
2020-01-20 15:53:27,488 [ERROR] LogOutputStream:74 - [STDERR_REDIRECT] 	at java.io.FileOutputStream.<init>(FileOutputStream.java:162)
2020-01-20 15:53:27,493 [ERROR] LogOutputStream:74 - [STDERR_REDIRECT] 	at com.st.microxplorer.plugins.updater.engine.ServerAccessManage.readHttpFile(ServerAccessManage.java:364)
2020-01-20 15:53:27,498 [ERROR] LogOutputStream:74 - [STDERR_REDIRECT] 	at com.st.microxplorer.plugins.updater.engine.LoadServerUpdatesThread.downloadUpdaterFile(LoadServerUpdatesThread.java:517)
2020-01-20 15:53:27,498 [ERROR] LogOutputStream:74 - [STDERR_REDIRECT] 	at com.st.microxplorer.plugins.updater.engine.LoadServerUpdatesThread.performDescriptionUpdate(LoadServerUpdatesThread.java:307)
2020-01-20 15:53:27,508 [ERROR] LogOutputStream:74 - [STDERR_REDIRECT] 	at com.st.microxplorer.plugins.updater.engine.LoadServerUpdatesThread.performFullUpdate(LoadServerUpdatesThread.java:330)
2020-01-20 15:53:27,508 [ERROR] LogOutputStream:74 - [STDERR_REDIRECT] 	at com.st.microxplorer.plugins.updater.engine.LoadServerUpdatesThread.run(LoadServerUpdatesThread.java:238)
2020-01-20 15:53:27,508 [ERROR] ServerAccessManage:517 - Problem during Download of File : updaters.zip.
2020-01-20 15:53:27,678 [INFO] ServerAccessManage:348 - Download File updaters.zip
2020-01-20 15:53:27,678 [ERROR] ServerAccessManage:412 - IOException during http download : C:\Users\Å tefko\.stm32cubemx\plugins\updater\temp\updaters.zip.tmp (The system cannot find the path specified)
2020-01-20 15:53:27,688 [ERROR] LogOutputStream:74 - [STDERR_REDIRECT] java.io.FileNotFoundException: C:\Users\Štefko\.stm32cubemx\plugins\updater\temp\updaters.zip.tmp (The system cannot find the path specified)
2020-01-20 15:53:27,688 [ERROR] LogOutputStream:74 - [STDERR_REDIRECT] 	at java.io.FileOutputStream.open0(Native Method)
2020-01-20 15:53:27,698 [ERROR] LogOutputStream:74 - [STDERR_REDIRECT] 	at java.io.FileOutputStream.open(FileOutputStream.java:270)
2020-01-20 15:53:27,698 [ERROR] LogOutputStream:74 - [STDERR_REDIRECT] 	at java.io.FileOutputStream.<init>(FileOutputStream.java:213)
2020-01-20 15:53:27,698 [ERROR] LogOutputStream:74 - [STDERR_REDIRECT] 	at java.io.FileOutputStream.<init>(FileOutputStream.java:162)
2020-01-20 15:53:27,743 [ERROR] LogOutputStream:74 - [STDERR_REDIRECT] 	at com.st.microxplorer.plugins.updater.engine.ServerAccessManage.readHttpFile(ServerAccessManage.java:364)
2020-01-20 15:53:27,743 [ERROR] LogOutputStream:74 - [STDERR_REDIRECT] 	at com.st.microxplorer.plugins.updater.engine.LoadServerUpdatesThread.downloadUpdaterFile(LoadServerUpdatesThread.java:517)
2020-01-20 15:53:27,748 [ERROR] LogOutputStream:74 - [STDERR_REDIRECT] 	at com.st.microxplorer.plugins.updater.engine.LoadServerUpdatesThread.performDescriptionUpdate(LoadServerUpdatesThread.java:310)
2020-01-20 15:53:27,748 [ERROR] LogOutputStream:74 - [STDERR_REDIRECT] 	at com.st.microxplorer.plugins.updater.engine.LoadServerUpdatesThread.performFullUpdate(LoadServerUpdatesThread.java:330)
2020-01-20 15:53:27,748 [ERROR] LogOutputStream:74 - [STDERR_REDIRECT] 	at com.st.microxplorer.plugins.updater.engine.LoadServerUpdatesThread.run(LoadServerUpdatesThread.java:238)
2020-01-20 15:53:27,748 [ERROR] ServerAccessManage:517 - Problem during Download of File : updaters.zip.
2020-01-20 15:53:27,763 [INFO] LoadServerUpdatesThread:287 - End of LoadServerUpdate Thread
2020-01-20 15:53:27,838 [INFO] CheckServerUpdateThread:92 - End of CheckServer Thread
2020-01-20 15:53:27,958 [INFO] MainUpdater:2232 - connection check result : 22
2020-01-20 15:53:27,958 [INFO] LogOutputStream:76 - [STDOUT_REDIRECT] proxy connection test failed
2020-01-20 15:53:28,403 [INFO] IntegrityCheckThread:97 - End integrity checks thread
2020-01-20 15:53:28,403 [INFO] ThirdPartyDb:264 - Close Third Party DataBase File (C:/Users/Štefko/.stm32cubemx/plugins/thirdparty/db/thirdparties_db.xml)
2020-01-20 15:53:30,148 [INFO] McuFinderGlobals:40 - Set McuFinder mode to 2 (CubeIDE integrated)
2020-01-20 15:53:30,168 [INFO] FinderPluginLoader:86 - Searching for filters in installed packs
2020-01-20 15:53:30,168 [INFO] DbMcusXml:106 - Load MCU database from C:\ST\STM32CubeIDE_1.1.0\STM32CubeIDE\plugins\com.st.stm32cube.common.mx_5.4.0.201910091541\\db\/mcu/families.xml
2020-01-20 15:53:31,468 [INFO] DbMcusJson:87 - JSON generation date=Wed Dec 11 12:27:49 CET 2019 (1576063669)
2020-01-20 15:53:33,088 [INFO] DbMcus:193 - Found 1544 MCUs (1504 are supported by CubeMX, 1504 are visible in CubeMX)
2020-01-20 15:53:33,092 [INFO] ApiDb:158 - Load user favorites file C:\Users\Štefko/.stm32cubeide/favorites.mcus.txt: 0 item(s)
2020-01-20 15:53:33,092 [INFO] ApiDb:163 - User favorites MCUs=[]
2020-01-20 15:53:33,092 [INFO] DbMcus:204 - Set 0 / 0 favorites MCUs
2020-01-20 15:53:34,855 [INFO] McuFilterPanel:282 - Update 0 favorites MCUs
2020-01-20 15:53:35,169 [INFO] DbBoardsPdsc:92 - Found 19 items
2020-01-20 15:53:35,197 [INFO] DbBoardsPdsc:92 - Found 9 items
2020-01-20 15:53:35,213 [INFO] DbBoardsPdsc:92 - Found 27 items
2020-01-20 15:53:35,238 [INFO] DbBoardsPdsc:92 - Found 1 items
2020-01-20 15:53:35,260 [INFO] DbBoardsPdsc:92 - Found 38 items
2020-01-20 15:53:35,283 [INFO] DbBoardsPdsc:92 - Found 38 items
2020-01-20 15:53:35,293 [INFO] DbBoardsPdsc:92 - Found 1 items
2020-01-20 15:53:35,348 [INFO] DbBoardsJson:79 - JSON generation date=Fri Dec 13 10:50:48 CET 2019 (1576230648)
2020-01-20 15:53:35,353 [INFO] DbBoards:120 - Found 133 boards (132 are supported by CubeMX)
2020-01-20 15:53:35,378 [INFO] DbBoardsDocs:118 - JSON generation date=Wed Dec 11 12:27:49 CET 2019 (1576063669)
2020-01-20 15:53:35,393 [INFO] DbBoardsDocs:57 - Found 160 boards documents
2020-01-20 15:53:35,393 [WARN] DbBoards:130 - board NUCLEO-H743ZI2 has no document id list !
2020-01-20 15:53:35,393 [WARN] DbBoards:130 - board P-NUCLEO-WB55-Nucleo has no document id list !
2020-01-20 15:53:35,393 [WARN] DbBoards:130 - board P-NUCLEO-WB55-USBDongle has no document id list !
2020-01-20 15:53:35,393 [WARN] DbBoards:130 - board P-NUCLEO-WB55 has no document id list !
2020-01-20 15:53:35,393 [WARN] DbBoards:130 - board STM32F401C-DISCO has no document id list !
2020-01-20 15:53:35,393 [WARN] DbBoards:130 - board STM32F769I-DISC1 has no document id list !
2020-01-20 15:53:35,393 [WARN] DbBoards:130 - board STM32L-DISCOVERY has no document id list !
2020-01-20 15:53:35,398 [WARN] DbBoards:130 - board STM32H747I-DISC1 has no document id list !
2020-01-20 15:53:35,398 [WARN] DbBoards:130 - board STM32MP157A-DK1 has no document id list !
2020-01-20 15:53:35,398 [WARN] DbBoards:130 - board STM32L562E-DK has no document id list !
2020-01-20 15:53:35,398 [WARN] DbBoards:130 - board STM32100E-EVAL has no document id list !
2020-01-20 15:53:35,398 [WARN] DbBoards:130 - board STM32303C-EVAL has no document id list !
2020-01-20 15:53:35,398 [WARN] DbBoards:130 - board STM32L152D-EVAL has no document id list !
2020-01-20 15:53:35,398 [WARN] DbBoards:130 - board STM32H743I-EVAL2 has no document id list !
2020-01-20 15:53:35,398 [WARN] DbBoards:130 - board STM32H753I-EVAL2 has no document id list !
2020-01-20 15:53:35,398 [WARN] DbBoards:130 - board STM32G474E-EVAL1 has no document id list !
2020-01-20 15:53:35,398 [WARN] DbBoards:130 - board STM32L552E-EV has no document id list !
2020-01-20 15:53:35,398 [WARN] DbBoards:130 - board STEVAL-MKSBOX1V1 has no document id list !
2020-01-20 15:53:36,258 [ERROR] DbBoards:192 - Image file not found for board STM32G0316-DISCO: C:\ST\STM32CubeIDE_1.1.0\STM32CubeIDE\plugins\com.st.stm32cube.common.mx_5.4.0.201910091541\\db\/plugins/mcufinder/images/boards/stm32g0316discovery_small.jpg
2020-01-20 15:53:36,698 [INFO] ApiDb:158 - Load user favorites file C:\Users\Štefko/.stm32cubeide/favorites.boards.txt: 0 item(s)
2020-01-20 15:53:36,698 [INFO] ApiDb:163 - User favorites Boards=[]
2020-01-20 15:53:36,698 [INFO] DbBoards:209 - Set 0 / 0 favorites Boards
2020-01-20 15:53:36,828 [INFO] BoardFilterPanel:211 - Update 0 favorites Boards
2020-01-20 15:53:37,028 [INFO] CrossSelectorPresenter:1319 - Cross Selector saved comparison directory: C:\Users\Štefko\.stmcufinder\plugins\mcufinder\mcu\cs_comparisons_mx
2020-01-20 15:54:20,178 [INFO] LogOutputStream:76 - [STDOUT_REDIRECT] withoutVersionV1.24.1
2020-01-20 15:54:20,178 [INFO] LogOutputStream:76 - [STDOUT_REDIRECT] withoutVersionV1.24.0
2020-01-20 15:54:23,288 [INFO] LogOutputStream:76 - [STDOUT_REDIRECT] File copied successfully!!
2020-01-20 15:54:24,978 [INFO] MainUpdater:2232 - connection check result : 22
2020-01-20 15:54:24,978 [INFO] LogOutputStream:76 - [STDOUT_REDIRECT] proxy connection test failed
2020-01-20 15:54:28,718 [INFO] MainUpdater:2232 - connection check result : 10
2020-01-20 15:54:28,728 [INFO] LogOutputStream:76 - [STDOUT_REDIRECT] Successfull proxy connection.
2020-01-20 15:54:29,768 [INFO] MainUpdater:2232 - connection check result : 10
2020-01-20 15:54:29,828 [INFO] MicroXplorer:390 - Change Database Path : 
2020-01-20 15:54:29,828 [INFO] MicroXplorer:420 - Change Database Version : DB.5.0.40
2020-01-20 15:54:29,828 [INFO] PinOutPanel:1367 - setPackage(No Configuration,No Configuration)
2020-01-20 15:54:29,828 [INFO] UtilMem:74 - Begin LoadConfig() Used Memory: 424785352 Bytes (704643072)
2020-01-20 15:54:29,828 [INFO] OpenFileManager:269 - Change cursor
2020-01-20 15:54:32,328 [INFO] Rule:205 - rule SPDIFRX instance for mcu is applicable
2020-01-20 15:54:32,328 [INFO] Rule:205 - rule Rename Tracer Mode is applicable
2020-01-20 15:54:32,328 [INFO] Rule:205 - rule SPDIFRX instance value for IP SPDIFRX is applicable
2020-01-20 15:54:32,328 [INFO] Rule:205 - rule SPDIFRX instance for signal is applicable
2020-01-20 15:54:32,328 [INFO] Rule:205 - rule SPDIFRX instance for project manager is applicable
2020-01-20 15:54:32,328 [INFO] Rule:205 - rule SPDIFRX instance for project manager is applicable
2020-01-20 15:54:32,328 [INFO] Rule:205 - rule ADC Scan  fix with FW F7 is applicable
2020-01-20 15:54:32,328 [INFO] Rule:205 - rule ADC Scan  fix with FW F7 is applicable
2020-01-20 15:54:32,328 [INFO] Rule:205 - rule UART/USART WORD LENGTH 7 is applicable
2020-01-20 15:54:32,328 [INFO] Rule:205 - rule UART/USART WORD LENGTH 8 is applicable
2020-01-20 15:54:32,328 [INFO] Rule:205 - rule UART/USART WORD LENGTH 9 is applicable
2020-01-20 15:54:32,328 [INFO] Rule:205 - rule ADC SamplingTime fix with FW L0  is applicable
2020-01-20 15:54:32,328 [INFO] Rule:205 - rule ADC SamplingTime fix with FW L0  is applicable
2020-01-20 15:54:32,328 [INFO] Rule:205 - rule ADC SamplingTime fix with FW L0 is applicable
2020-01-20 15:54:32,328 [INFO] Rule:205 - rule ADC SamplingTime fix with FW L0 is applicable
2020-01-20 15:54:32,328 [INFO] Rule:205 - rule ADC SamplingTime fix with FW L0  is applicable
2020-01-20 15:54:32,328 [INFO] Rule:205 - rule ADC SamplingTime fix with FW L0 is applicable
2020-01-20 15:54:32,328 [INFO] Rule:205 - rule Rename USB_OE Signal is applicable
2020-01-20 15:54:32,328 [INFO] Rule:205 - rule Rename Activate_OE Mode is applicable
2020-01-20 15:54:32,328 [INFO] Rule:205 - rule Rename DIE462/DIE415 pin PC14/OSC32_IN -> PC14-OSC32_IN (PC14) is applicable
2020-01-20 15:54:32,328 [INFO] Rule:205 - rule Rename DIE462/DIE415 pin PC15/OSC32_OUT -> PC15-OSC32_OUT (PC15) is applicable
2020-01-20 15:54:32,328 [INFO] Rule:205 - rule Rename DIE462/DIE415 pin PH0/OSC_IN -> PH0-OSC_IN (PH0) is applicable
2020-01-20 15:54:32,328 [INFO] Rule:205 - rule Rename DIE462/DIE415 pin PH1/OSC_OUT -> PH1-OSC_OUT (PH1) is applicable
2020-01-20 15:54:32,328 [INFO] Rule:205 - rule Rename DIE462 pin PA13 -> PA13 (JTMS/SWDIO) is applicable
2020-01-20 15:54:32,328 [INFO] Rule:205 - rule Rename DIE415 pin PA13 -> PA13 (JTMS/SWDIO) is applicable
2020-01-20 15:54:32,328 [INFO] Rule:205 - rule Rename DIE462 pin PA14 -> PA14 (JTCK/SWCLK) is applicable
2020-01-20 15:54:32,328 [INFO] Rule:205 - rule Rename DIE415 pin PA14 -> PA14 (JTCK/SWCLK) is applicable
2020-01-20 15:54:32,328 [INFO] Rule:205 - rule Rename DIE462/DIE415 pin PA15 -> PA15 (JTDI) is applicable
2020-01-20 15:54:32,328 [INFO] Rule:205 - rule Rename DIE462 pin PB3 -> PB3 (JTD0/TRACESWO) is applicable
2020-01-20 15:54:32,328 [INFO] Rule:205 - rule Rename DIE415 pin PB3 -> PB3 (JTD0-TRACESWO) is applicable
2020-01-20 15:54:32,328 [INFO] Rule:205 - rule Rename DIE462/DIE415 pin PB4 -> PB4 (NJTRST) is applicable
2020-01-20 15:54:32,328 [INFO] Rule:205 - rule Rename DIE462 pin PH3/BOOT0 -> PH3-BOOT0 (BOOT0) is applicable
2020-01-20 15:54:32,328 [INFO] Rule:205 - rule Rename CRYP DataEncryptionTypesList to Algorithm is applicable
2020-01-20 15:54:32,328 [INFO] Rule:205 - rule Rename AES DataEncryptionTypesList to Algorithm is applicable
2020-01-20 15:54:32,328 [INFO] Rule:205 - rule Rename TDESECB to CRYP_TDES_ECB is applicable
2020-01-20 15:54:32,328 [INFO] Rule:205 - rule Rename TDESCBC to CRYP_TDES_CBC is applicable
2020-01-20 15:54:32,328 [INFO] Rule:205 - rule Rename DESECB to CRYP_DES_ECB is applicable
2020-01-20 15:54:32,328 [INFO] Rule:205 - rule Rename DESCBC to CRYP_DES_CBC is applicable
2020-01-20 15:54:32,328 [INFO] Rule:205 - rule Rename AESECB to CRYP_AES_ECB is applicable
2020-01-20 15:54:32,328 [INFO] Rule:205 - rule Rename AESCBC to CRYP_AES_CBC is applicable
2020-01-20 15:54:32,328 [INFO] Rule:205 - rule Rename AESCTR to CRYP_AES_CTR is applicable
2020-01-20 15:54:32,328 [INFO] Rule:205 - rule Rename AESGCM to CRYP_AES_GCM is applicable
2020-01-20 15:54:32,328 [INFO] Rule:205 - rule Rename AESCCM to CRYP_AES_CCM is applicable
2020-01-20 15:54:32,328 [INFO] Rule:205 - rule Rename CAN TimeSeg1 to BS1 is applicable
2020-01-20 15:54:32,328 [INFO] Rule:205 - rule Rename CAN TimeSeg2 to BS2 is applicable
2020-01-20 15:54:32,338 [INFO] Rule:205 - rule Rename CAN SyncJumpWidth to SJW is applicable
2020-01-20 15:54:32,338 [INFO] Rule:205 - rule TimeTriggeredMode to TTCM is applicable
2020-01-20 15:54:32,338 [INFO] Rule:205 - rule Rename CAN AutoBusOff to ABOM is applicable
2020-01-20 15:54:32,338 [INFO] Rule:205 - rule Rename CAN AutoWakeUp to AWUM is applicable
2020-01-20 15:54:32,338 [INFO] Rule:205 - rule Rename CAN AutoRetransmission to NART is applicable
2020-01-20 15:54:32,338 [INFO] Rule:205 - rule Rename CAN ReceiveFifoLocked to RFLM is applicable
2020-01-20 15:54:32,338 [INFO] Rule:205 - rule Rename CAN TransmitFifoPriority to TXFP is applicable
2020-01-20 15:54:32,338 [INFO] Rule:205 - rule Rename HRTIMER HRTIM_OUTPUTFAULTLEVEL_HIGH in HRTIMER HRTIM_OUTPUTFAULTLEVEL_HIGHZ is applicable
2020-01-20 15:54:32,338 [INFO] Rule:205 - rule Rename TIMER TIM_CLEARINPUTSOURCE_OCREFCLR in  TIMER TIM_CLEARINPUTSOURCE_NONE for F7 family is applicable
2020-01-20 15:54:32,338 [INFO] Rule:205 - rule FDCAN_R1 - Rename FDCAN mode Master into Classic is applicable
2020-01-20 15:54:32,338 [INFO] Rule:205 - rule FDCAN_R2 - Rename FDCAN mode Slave into Classic is applicable
2020-01-20 15:54:32,338 [INFO] Rule:205 - rule FDCAN1_R3 - if PA10.Mode=FullDuplex, add Pin PA12 is applicable
2020-01-20 15:54:32,338 [INFO] Rule:205 - rule FDCAN1_R3 - if PA9.Mode=FullDuplex, add Pin PA11 is applicable
2020-01-20 15:54:32,338 [INFO] Rule:205 - rule FDCAN1_R3 - Alternatepin_1 - if PE1.Mode=FullDuplex, add Pin PB9 is applicable
2020-01-20 15:54:32,338 [INFO] Rule:205 - rule FDCAN1_R3 - Alternatepin_1 - if PE0.Mode=FullDuplex, add Pin PB8 is applicable
2020-01-20 15:54:32,338 [INFO] Rule:205 - rule FDCAN1_R3 - Alternatepin_2 - if PD5.Mode=FullDuplex, add Pin PD1 is applicable
2020-01-20 15:54:32,338 [INFO] Rule:205 - rule FDCAN1_R3 - Alternatepin_2 - if PD4.Mode=FullDuplex, add Pin PD0 is applicable
2020-01-20 15:54:32,338 [INFO] Rule:205 - rule FDCAN1_R4 - Rename Mode FullDuplex into Enable FDCAN_TXFD for pin PA10 is applicable
2020-01-20 15:54:32,338 [INFO] Rule:205 - rule FDCAN1_R4 - Rename Mode FullDuplex into Enable FDCAN_TXFD for pin PA9 is applicable
2020-01-20 15:54:32,338 [INFO] Rule:205 - rule FDCAN1_R4 - Alternatepin_1 - Rename Mode FullDuplex into Enable FDCAN_TXFD for pin PE1 is applicable
2020-01-20 15:54:32,338 [INFO] Rule:205 - rule FDCAN1_R4 - Alternatepin_1 - Rename Mode FullDuplex into Enable FDCAN_TXFD for pin PE0 is applicable
2020-01-20 15:54:32,338 [INFO] Rule:205 - rule FDCAN1_R4 - Alternatepin_2 - Rename Mode FullDuplex into Enable FDCAN_TXFD for pin PD5 is applicable
2020-01-20 15:54:32,338 [INFO] Rule:205 - rule FDCAN1_R4 - Alternatepin_2 - Rename Mode FullDuplex into Enable FDCAN_TXFD for pin PD4 is applicable
2020-01-20 15:54:32,338 [INFO] Rule:205 - rule FDCAN2_R3 - if PD10.Mode=FullDuplex, add Pin PB13 is applicable
2020-01-20 15:54:32,338 [INFO] Rule:205 - rule FDCAN2_R3 - if PD9.Mode=FullDuplex, add Pin PB12 is applicable
2020-01-20 15:54:32,338 [INFO] Rule:205 - rule FDCAN2_R3 - Alternatepin_1 - if PB7.Mode=FullDuplex, add Pin PB6 is applicable
2020-01-20 15:54:32,338 [INFO] Rule:205 - rule FDCAN2_R3 - Alternatepin_1 - if PD9.Mode=FullDuplex, add Pin PB12 is applicable
2020-01-20 15:54:32,338 [INFO] Rule:205 - rule FDCAN2_R4 - Rename Mode FullDuplex into Enable FDCAN_TXFD for pin PD10 is applicable
2020-01-20 15:54:32,338 [INFO] Rule:205 - rule FDCAN2_R4 - Rename Mode FullDuplex into Enable FDCAN_TXFD for pin PD9 is applicable
2020-01-20 15:54:32,338 [INFO] Rule:205 - rule FDCAN2_R4 - Alternatepin_1 - Rename Mode FullDuplex into Enable FDCAN_TXFD for pin PB7 is applicable
2020-01-20 15:54:32,338 [INFO] Rule:205 - rule FDCAN2_R4 - Alternatepin_1 - Rename Mode FullDuplex into Enable FDCAN_TXFD for pin PD6 is applicable
2020-01-20 15:54:32,338 [INFO] Rule:205 - rule USART TxPinLevelInvertParam Mode is applicable
2020-01-20 15:54:32,338 [INFO] Rule:205 - rule USART RxPinLevelInvertParam Mode is applicable
2020-01-20 15:54:32,338 [INFO] Rule:205 - rule USART DataInvertParam Mode is applicable
2020-01-20 15:54:32,338 [INFO] Rule:205 - rule USART SwapParam Mode is applicable
2020-01-20 15:54:32,338 [INFO] Rule:205 - rule USART OverrunDisableParam Mode is applicable
2020-01-20 15:54:32,338 [INFO] Rule:205 - rule USART DMADisableonRxErrorParam Mode is applicable
2020-01-20 15:54:32,338 [INFO] Rule:205 - rule USART MSBFirstParam Mode is applicable
2020-01-20 15:54:32,338 [INFO] Rule:205 - rule Update MwName for USB_DEVICE is applicable
2020-01-20 15:54:32,338 [INFO] Rule:205 - rule Change PWR_Regulator_Voltage_Scale Default Value for RCC  H7 family is applicable
2020-01-20 15:54:32,338 [INFO] Rule:205 - rule UART/USART IPParameter rename Prescaler parameter to ClockPrescaler is applicable
2020-01-20 15:54:32,338 [INFO] Rule:205 - rule UART/USART Prescaler rename Prescaler parameter to ClockPrescaler is applicable
2020-01-20 15:54:32,338 [INFO] Rule:205 - rule TIM1CLockSelection is applicable
2020-01-20 15:54:32,338 [INFO] Rule:205 - rule TIM15CLockSelection is applicable
2020-01-20 15:54:32,338 [INFO] Rule:205 - rule align RCC SDMMC3CLockSelection default value on MP1 is applicable
2020-01-20 15:54:32,338 [INFO] Rule:205 - rule align RCC SDMMC12CLockSelection default value on MP1 is applicable
2020-01-20 15:54:32,338 [INFO] Rule:205 - rule align RCC QSPICLockSelection default value on MP1 is applicable
2020-01-20 15:54:32,338 [INFO] Rule:205 - rule align RCC QSPICLockSelection default value on MP1 is applicable
2020-01-20 15:54:32,338 [INFO] Rule:205 - rule align RCC SPI6CLockSelection default value on MP1 is applicable
2020-01-20 15:54:32,338 [INFO] Rule:205 - rule align RCC LPTIM23CLockSelection default value on MP1 is applicable
2020-01-20 15:54:32,338 [INFO] Rule:205 - rule align RCC LPTIM1CLockSelection default value on MP1 is applicable
2020-01-20 15:54:32,338 [INFO] Rule:205 - rule align RCC USART1CLockSelection default value on MP1 is applicable
2020-01-20 15:54:32,338 [INFO] Rule:205 - rule align RCC USART24CLockSelection default value on MP1 is applicable
2020-01-20 15:54:32,338 [INFO] Rule:205 - rule align RCC USART6CLockSelection default value on MP1 is applicable
2020-01-20 15:54:32,338 [INFO] Rule:205 - rule align RCC UART78CLockSelection default value on MP1 is applicable
2020-01-20 15:54:32,338 [INFO] Rule:205 - rule align RCC USART35CLockSelection default value on MP1 is applicable
2020-01-20 15:54:32,338 [INFO] Rule:205 - rule align RCC SPI45CLockSelection default value on MP1 is applicable
2020-01-20 15:54:32,338 [INFO] Rule:205 - rule align RCC I2C46CLockSelection BCLK value on MP1 is applicable
2020-01-20 15:54:32,338 [INFO] Rule:205 - rule align RCC SPI45CLockSelection default value on MP1 is applicable
2020-01-20 15:54:32,338 [INFO] Rule:205 - rule align RCC I2C12CLockSelection default value on MP1 is applicable
2020-01-20 15:54:32,338 [INFO] Rule:205 - rule align RCC I2C35CLockSelection default value on MP1 is applicable
2020-01-20 15:54:32,338 [INFO] Rule:205 - rule align RCC LPTIM45CLockSelection default value on MP1 is applicable
2020-01-20 15:54:32,338 [INFO] Rule:205 - rule Rename DCMI PIXCK signal is applicable
2020-01-20 15:54:32,338 [INFO] Rule:205 - rule Change Default Value for I2C46CLockSelection MP1 family is applicable
2020-01-20 15:54:32,338 [INFO] Rule:205 - rule Change Default Value for UART for G4, G0 and WB families is applicable
2020-01-20 15:54:32,338 [INFO] Rule:205 - rule Change Default Value for USART for G4, G0 and WB families is applicable
2020-01-20 15:54:32,338 [INFO] Rule:205 - rule Change Default Value for USART for G4 family is applicable
2020-01-20 15:54:32,368 [INFO] DbConfProperties:222 - Apply Compatibility (30/112 Rules)
2020-01-20 15:54:32,418 [INFO] ImportTextPane:162 - (OptionalMessage_ERROR) Unable to find key (Mcu.ThirdPartyNb) in loaded IOC file
2020-01-20 15:54:32,518 [INFO] ImportTextPane:162 - (OptionalMessage_ERROR) IP (RCC) : Parameter (RTCHSEDivFreq_Value) has invalid value (4000000)
2020-01-20 15:54:32,838 [INFO] UtilMem:74 - End LoadConfig() Used Memory: 485116936 Bytes (704643072)
2020-01-20 15:54:32,842 [ERROR] XmlFileManage:127 - Cannot load XML file C:/Users/Štefko/.stm32cubemx/plugins/thirdparty/db/thirdparties_db.xml: unknown protocol: c
2020-01-20 15:54:32,842 [INFO] ThirdPartyDb:294 - Open Third Party DataBase File (C:/Users/Štefko/.stm32cubemx/plugins/thirdparty/db/thirdparties_db.xml) : 0 ms. number of Sw pack : 0
2020-01-20 15:54:33,178 [INFO] PinOutPanel:1367 - setPackage(No Configuration,No Configuration)
2020-01-20 15:54:33,178 [INFO] PinOutPanel:1367 - setPackage(STM32F411VETx,LQFP100)
2020-01-20 15:54:33,859 [INFO] UtilMem:74 - Before build in PCC Used Memory: 548331368 Bytes (704643072)
2020-01-20 15:54:34,342 [INFO] SharedServices:71 - Folder for power plug-in: C:/Users/Štefko/.stm32cubemx/plugins/power
2020-01-20 15:54:34,342 [INFO] UtilMem:74 - After build in PCC Used Memory: 561436528 Bytes (704643072)
2020-01-20 15:54:34,354 [INFO] BlockDiagram:1827 - stop enableDisableButtons
2020-01-20 15:54:34,358 [INFO] IPUIPlugin:63 - create IPUIPlugin
2020-01-20 15:54:34,358 [INFO] IPUIPlugin:63 - create IPUIPlugin
2020-01-20 15:54:34,358 [INFO] IPUIPlugin:63 - create IPUIPlugin
2020-01-20 15:54:34,358 [INFO] IPUIPlugin:63 - create IPUIPlugin
2020-01-20 15:54:34,358 [INFO] IPUIPlugin:63 - create IPUIPlugin
2020-01-20 15:54:34,358 [INFO] IPUIPlugin:63 - create IPUIPlugin
2020-01-20 15:54:34,358 [INFO] IPUIPlugin:63 - create IPUIPlugin
2020-01-20 15:54:34,358 [INFO] IPUIPlugin:63 - create IPUIPlugin
2020-01-20 15:54:34,358 [INFO] IPUIPlugin:63 - create IPUIPlugin
2020-01-20 15:54:34,358 [INFO] IPUIPlugin:63 - create IPUIPlugin
2020-01-20 15:54:34,358 [INFO] IPUIPlugin:63 - create IPUIPlugin
2020-01-20 15:54:34,358 [INFO] IPUIPlugin:63 - create IPUIPlugin
2020-01-20 15:54:34,358 [INFO] IPUIPlugin:63 - create IPUIPlugin
2020-01-20 15:54:34,358 [INFO] IPUIPlugin:63 - create IPUIPlugin
2020-01-20 15:54:34,358 [INFO] IPUIPlugin:63 - create IPUIPlugin
2020-01-20 15:54:34,358 [INFO] IPUIPlugin:63 - create IPUIPlugin
2020-01-20 15:54:34,358 [INFO] IPUIPlugin:63 - create IPUIPlugin
2020-01-20 15:54:34,358 [INFO] IPUIPlugin:63 - create IPUIPlugin
2020-01-20 15:54:34,362 [INFO] IPUIPlugin:63 - create IPUIPlugin
2020-01-20 15:54:34,362 [INFO] IPUIPlugin:63 - create IPUIPlugin
2020-01-20 15:54:34,362 [INFO] IPUIPlugin:63 - create IPUIPlugin
2020-01-20 15:54:34,362 [INFO] IPUIPlugin:63 - create IPUIPlugin
2020-01-20 15:54:34,362 [INFO] IPUIPlugin:63 - create IPUIPlugin
2020-01-20 15:54:34,362 [INFO] IPUIPlugin:63 - create IPUIPlugin
2020-01-20 15:54:34,362 [INFO] IPUIPlugin:63 - create IPUIPlugin
2020-01-20 15:54:34,362 [INFO] IPUIPlugin:63 - create IPUIPlugin
2020-01-20 15:54:34,362 [INFO] IPUIPlugin:63 - create IPUIPlugin
2020-01-20 15:54:34,364 [INFO] IPUIPlugin:63 - create IPUIPlugin
2020-01-20 15:54:34,364 [INFO] IPUIPlugin:63 - create IPUIPlugin
2020-01-20 15:54:34,364 [INFO] IPUIPlugin:63 - create IPUIPlugin
2020-01-20 15:54:34,364 [INFO] IPUIPlugin:63 - create IPUIPlugin
2020-01-20 15:54:34,364 [INFO] IPUIPlugin:63 - create IPUIPlugin
2020-01-20 15:54:34,364 [INFO] IPUIPlugin:63 - create IPUIPlugin
2020-01-20 15:54:34,364 [INFO] IPUIPlugin:63 - create IPUIPlugin
2020-01-20 15:54:34,364 [INFO] IPUIPlugin:63 - create IPUIPlugin
2020-01-20 15:54:34,364 [INFO] IPUIPlugin:63 - create IPUIPlugin
2020-01-20 15:54:34,364 [INFO] IPUIPlugin:63 - create IPUIPlugin
2020-01-20 15:54:34,364 [INFO] IPUIPlugin:63 - create IPUIPlugin
2020-01-20 15:54:34,364 [INFO] IPUIPlugin:63 - create IPUIPlugin
2020-01-20 15:54:34,364 [INFO] IPUIPlugin:63 - create IPUIPlugin
2020-01-20 15:54:34,364 [INFO] IPUIPlugin:63 - create IPUIPlugin
2020-01-20 15:54:34,369 [INFO] IPUIPlugin:63 - create IPUIPlugin
2020-01-20 15:54:34,383 [WARN] IP:1925 - I2C_Coeff_DF not found: check if there is a RefParameter without a condition.
2020-01-20 15:54:34,383 [WARN] IP:1925 - Analog_Filter not found: check if there is a RefParameter without a condition.
2020-01-20 15:54:34,403 [INFO] I2sManager:616 - 1.6E8
2020-01-20 15:54:34,405 [INFO] I2sManager:173 - I2S Clock Value : 1.6E8
2020-01-20 15:54:34,405 [INFO] I2sManager:510 - AudioClock : 96153Divider : 26Odd : 0
2020-01-20 15:54:34,405 [INFO] I2sManager:616 - 1.6E8
2020-01-20 15:54:34,405 [INFO] I2sManager:173 - I2S Clock Value : 1.6E8
2020-01-20 15:54:34,408 [INFO] I2sManager:510 - AudioClock : 89285Divider : 3Odd : 1
2020-01-20 15:54:34,408 [INFO] BlockDiagram:1827 - stop enableDisableButtons
2020-01-20 15:54:34,443 [INFO] LogOutputStream:76 - [STDOUT_REDIRECT] toolchainItems.length=====1
2020-01-20 15:54:34,585 [INFO] OpenFileManager:289 - Restore cursor
2020-01-20 15:54:34,749 [INFO] ApiDbMcu:445 - Load IP Config File for USB_HOST
2020-01-20 15:54:34,810 [WARN] IP:1925 - I2C_Coeff_DF not found: check if there is a RefParameter without a condition.
2020-01-20 15:54:34,810 [WARN] IP:1925 - Analog_Filter not found: check if there is a RefParameter without a condition.
2020-01-20 15:54:34,813 [WARN] IP:1925 - I2C_Coeff_DF not found: check if there is a RefParameter without a condition.
2020-01-20 15:54:34,813 [WARN] IP:1925 - Analog_Filter not found: check if there is a RefParameter without a condition.
2020-01-20 15:54:34,820 [INFO] BlockDiagram:1827 - stop enableDisableButtons
2020-01-20 15:54:34,901 [INFO] BlockDiagram:1827 - stop enableDisableButtons
2020-01-20 15:54:35,141 [INFO] UtilMem:74 - End SaveConfig() Used Memory: 323934056 Bytes (704643072)
2020-01-20 15:54:35,223 [INFO] UtilMem:74 - End SaveConfig() Used Memory: 329176936 Bytes (704643072)
2020-01-20 15:54:35,758 [INFO] BlockDiagram:1871 - set Specific Code input for plugin: SPI
2020-01-20 15:54:35,758 [INFO] BlockDiagram:1871 - set Specific Code input for plugin: USB_OTG_FS
2020-01-20 15:54:35,758 [INFO] BlockDiagram:1871 - set Specific Code input for plugin: NVIC
2020-01-20 15:54:35,758 [INFO] BlockDiagram:1871 - set Specific Code input for plugin: USB_HOST
2020-01-20 15:54:35,758 [INFO] BlockDiagram:1871 - set Specific Code input for plugin: I2S
2020-01-20 15:54:35,758 [INFO] BlockDiagram:1871 - set Specific Code input for plugin: I2S
2020-01-20 15:54:35,758 [INFO] BlockDiagram:1871 - set Specific Code input for plugin: SYS
2020-01-20 15:54:35,758 [INFO] BlockDiagram:1871 - set Specific Code input for plugin: GPIO
2020-01-20 15:54:35,758 [INFO] BlockDiagram:1871 - set Specific Code input for plugin: RCC
2020-01-20 15:54:35,758 [INFO] BlockDiagram:1871 - set Specific Code input for plugin: I2C
2020-01-20 15:54:35,762 [INFO] CodeGenerator:598 - code generatio: config db path: C:\ST\STM32CubeIDE_1.1.0\STM32CubeIDE\plugins\com.st.stm32cube.common.mx_5.4.0.201910091541\\db\
2020-01-20 15:54:35,782 [WARN] IP:1925 - I2C_Coeff_DF not found: check if there is a RefParameter without a condition.
2020-01-20 15:54:35,784 [WARN] IP:1925 - Analog_Filter not found: check if there is a RefParameter without a condition.
2020-01-20 15:54:36,628 [INFO] CodeEngine:193 - oldGeneratedFile, C:\letnik_3\SRDS\MXTmpFiles\license.tmp_save
2020-01-20 15:54:37,323 [INFO] CodeEngine:211 - Generated code: C:\letnik_3\SRDS\MXTmpFiles\license.tmp
2020-01-20 15:54:37,683 [INFO] CodeEngine:193 - oldGeneratedFile, C:\letnik_3\SRDS\MXTmpFiles\gpio.tmp_save
2020-01-20 15:54:37,874 [INFO] CodeEngine:211 - Generated code: C:\letnik_3\SRDS\MXTmpFiles\gpio.tmp
2020-01-20 15:54:37,878 [INFO] LogOutputStream:76 - [STDOUT_REDIRECT] Command line test
2020-01-20 15:54:38,025 [INFO] CodeEngine:193 - oldGeneratedFile, C:\letnik_3\SRDS\MXTmpFiles\usb_otg_fs_vars.tmp_save
2020-01-20 15:54:38,157 [INFO] CodeEngine:211 - Generated code: C:\letnik_3\SRDS\MXTmpFiles\usb_otg_fs_vars.tmp
2020-01-20 15:54:38,190 [INFO] CodeEngine:193 - oldGeneratedFile, C:\letnik_3\SRDS\MXTmpFiles\usb_otg_fs_inc.tmp_save
2020-01-20 15:54:38,341 [INFO] CodeEngine:211 - Generated code: C:\letnik_3\SRDS\MXTmpFiles\usb_otg_fs_inc.tmp
2020-01-20 15:54:38,412 [INFO] CodeEngine:193 - oldGeneratedFile, C:\letnik_3\SRDS\MXTmpFiles\usb_otg_fs_HalInit.tmp_save
2020-01-20 15:54:38,562 [INFO] CodeEngine:211 - Generated code: C:\letnik_3\SRDS\MXTmpFiles\usb_otg_fs_HalInit.tmp
2020-01-20 15:54:38,618 [INFO] CodeEngine:193 - oldGeneratedFile, C:\letnik_3\SRDS\MXTmpFiles\usb_otg_fs_Msp.tmp_save
2020-01-20 15:54:38,798 [INFO] CodeEngine:211 - Generated code: C:\letnik_3\SRDS\MXTmpFiles\usb_otg_fs_Msp.tmp
2020-01-20 15:54:39,243 [INFO] LogOutputStream:76 - [STDOUT_REDIRECT] Command line
2020-01-20 15:54:39,243 [INFO] LogOutputStream:76 - [STDOUT_REDIRECT] Debug : prepare data for I2C
2020-01-20 15:54:39,243 [INFO] LogOutputStream:76 - [STDOUT_REDIRECT] Command line test
2020-01-20 15:54:39,248 [INFO] LogOutputStream:76 - [STDOUT_REDIRECT] Command line
2020-01-20 15:54:39,250 [INFO] LogOutputStream:76 - [STDOUT_REDIRECT] Debug : prepare data for I2S
2020-01-20 15:54:39,250 [INFO] LogOutputStream:76 - [STDOUT_REDIRECT] Command line test
2020-01-20 15:54:39,253 [INFO] LogOutputStream:76 - [STDOUT_REDIRECT] Command line
2020-01-20 15:54:39,253 [INFO] LogOutputStream:76 - [STDOUT_REDIRECT] Debug : prepare data for SPI
2020-01-20 15:54:39,253 [INFO] LogOutputStream:76 - [STDOUT_REDIRECT] Command line test
2020-01-20 15:54:39,258 [INFO] LogOutputStream:76 - [STDOUT_REDIRECT] Command line
2020-01-20 15:54:39,273 [INFO] LogOutputStream:76 - [STDOUT_REDIRECT] Debug : prepare data for SYS
2020-01-20 15:54:39,273 [INFO] LogOutputStream:76 - [STDOUT_REDIRECT] Command line test
2020-01-20 15:54:39,273 [INFO] LogOutputStream:76 - [STDOUT_REDIRECT] Command line
2020-01-20 15:54:39,361 [INFO] CodeEngine:193 - oldGeneratedFile, C:\letnik_3\SRDS\USB_HOST\App\usb_host.c_save
2020-01-20 15:54:39,706 [INFO] CodeEngine:211 - Generated code: C:\letnik_3\SRDS\USB_HOST\App\usb_host.c
2020-01-20 15:54:39,795 [INFO] CodeEngine:193 - oldGeneratedFile, C:\letnik_3\SRDS\USB_HOST\App\usb_host.h_save
2020-01-20 15:54:39,976 [INFO] CodeEngine:211 - Generated code: C:\letnik_3\SRDS\USB_HOST\App\usb_host.h
2020-01-20 15:54:40,043 [INFO] CodeEngine:193 - oldGeneratedFile, C:\letnik_3\SRDS\USB_HOST\Target\usbh_conf.h_save
2020-01-20 15:54:40,229 [INFO] CodeEngine:211 - Generated code: C:\letnik_3\SRDS\USB_HOST\Target\usbh_conf.h
2020-01-20 15:54:40,403 [INFO] CodeEngine:193 - oldGeneratedFile, C:\letnik_3\SRDS\USB_HOST\Target\usbh_conf.c_save
2020-01-20 15:54:40,608 [INFO] CodeEngine:211 - Generated code: C:\letnik_3\SRDS\USB_HOST\Target\usbh_conf.c
2020-01-20 15:54:40,676 [INFO] CodeEngine:193 - oldGeneratedFile, C:\letnik_3\SRDS\USB_HOST\Target\usbh_platform.c_save
2020-01-20 15:54:40,898 [INFO] CodeEngine:211 - Generated code: C:\letnik_3\SRDS\USB_HOST\Target\usbh_platform.c
2020-01-20 15:54:40,938 [INFO] CodeEngine:193 - oldGeneratedFile, C:\letnik_3\SRDS\USB_HOST\Target\usbh_platform.h_save
2020-01-20 15:54:41,039 [INFO] CodeEngine:211 - Generated code: C:\letnik_3\SRDS\USB_HOST\Target\usbh_platform.h
2020-01-20 15:54:41,039 [INFO] LogOutputStream:76 - [STDOUT_REDIRECT] Debug : prepare data for NVIC
2020-01-20 15:54:41,047 [INFO] LogOutputStream:76 - [STDOUT_REDIRECT] Command line test
2020-01-20 15:54:41,100 [INFO] CodeEngine:193 - oldGeneratedFile, C:\letnik_3\SRDS\Core\Src\stm32f4xx_it.c_save
2020-01-20 15:54:41,268 [INFO] CodeEngine:211 - Generated code: C:\letnik_3\SRDS\Core\Src\stm32f4xx_it.c
2020-01-20 15:54:41,315 [INFO] CodeEngine:193 - oldGeneratedFile, C:\letnik_3\SRDS\Core\Inc\stm32f4xx_it.h_save
2020-01-20 15:54:41,464 [INFO] CodeEngine:211 - Generated code: C:\letnik_3\SRDS\Core\Inc\stm32f4xx_it.h
2020-01-20 15:54:41,518 [INFO] CodeEngine:193 - oldGeneratedFile, C:\letnik_3\SRDS\Core\Src\stm32f4xx_hal_msp.c_save
2020-01-20 15:54:41,718 [INFO] CodeEngine:211 - Generated code: C:\letnik_3\SRDS\Core\Src\stm32f4xx_hal_msp.c
2020-01-20 15:54:41,738 [INFO] CodeEngine:193 - oldGeneratedFile, C:\letnik_3\SRDS\MXTmpFiles\system.tmp_save
2020-01-20 15:54:41,838 [INFO] CodeEngine:211 - Generated code: C:\letnik_3\SRDS\MXTmpFiles\system.tmp
2020-01-20 15:54:41,898 [INFO] CodeEngine:193 - oldGeneratedFile, C:\letnik_3\SRDS\Core\Inc\stm32f4xx_hal_conf.h_save
2020-01-20 15:54:42,033 [INFO] CodeEngine:211 - Generated code: C:\letnik_3\SRDS\Core\Inc\stm32f4xx_hal_conf.h
2020-01-20 15:54:42,063 [WARN] IPConfigManager:2673 - IP not found : gpio
2020-01-20 15:54:42,063 [WARN] CodeGenerator:2697 - IP not found : gpio
2020-01-20 15:54:42,098 [INFO] CodeEngine:193 - oldGeneratedFile, C:\letnik_3\SRDS\Core\Inc\main.h_save
2020-01-20 15:54:42,218 [INFO] CodeEngine:211 - Generated code: C:\letnik_3\SRDS\Core\Inc\main.h
2020-01-20 15:54:42,258 [INFO] CodeEngine:193 - oldGeneratedFile, C:\letnik_3\SRDS\Core\Src\main.c_save
2020-01-20 15:54:42,472 [INFO] CodeEngine:211 - Generated code: C:\letnik_3\SRDS\Core\Src\main.c
2020-01-20 15:54:44,358 [INFO] ProjectBuilder:1645 - Time for Copy HAL[1] : 930mS.
2020-01-20 15:54:44,368 [INFO] ProjectBuilder:2206 - Project Generator version: 3.5.2
2020-01-20 15:54:44,708 [INFO] ConfigFileManager:953 - The Die is : DIE431
2020-01-20 15:54:57,886 [INFO] ProjectBuilder:2373 - Time for Generating toolchain IDE Files: 13518mS.
2020-01-20 15:54:57,886 [INFO] ProjectBuilder:1505 - Time for Copy CMSIS : 0mS.
2020-01-20 15:54:57,898 [INFO] ProjectBuilder:1505 - Time for Copy CMSIS : 0mS.
2020-01-20 15:55:12,623 [INFO] BlockDiagram:1827 - stop enableDisableButtons
2020-01-21 09:47:01,346 [INFO] Activator:176 - 


2020-01-21 09:47:01,359 [INFO] Activator:177 - !SESSION log4j initialized
